<?xml version="1.0" encoding="UTF-8"?>
<!-- Generated by org.testng.reporters.JUnitReportReporter -->
<testsuite skipped="0" hostname="admin-PC" name="com.ETS.PageObjects.ETSUserRegistration" tests="1" failures="0" timestamp="26 May 2019 08:28:31 GMT" time="37.135" errors="0">
  <testcase name="User" time="37.135" classname="com.ETS.PageObjects.ETSUserRegistration"/>
</testsuite> <!-- com.ETS.PageObjects.ETSUserRegistration -->
